<?xml version="1.0" encoding="UTF-8"?>
<testsuite xmlns:xsi="http://www.w3.org/2001/XMLSchema-instance" xsi:noNamespaceSchemaLocation="https://maven.apache.org/surefire/maven-surefire-plugin/xsd/surefire-test-report-3.0.xsd" version="3.0" name="use_case.login.LoginInteractorTest" time="0.115" tests="4" errors="0" skipped="0" failures="0">
  <properties>
    <property name="java.specification.version" value="24"/>
    <property name="sun.cpu.isalist" value="amd64"/>
    <property name="sun.jnu.encoding" value="Cp1252"/>
    <property name="java.class.path" value="C:\Users\varak\Documents\Homework\University\Year 1\CSC207\tanashi2\hw5-git-activity-phase1\homework-5\target\test-classes;C:\Users\varak\Documents\Homework\University\Year 1\CSC207\tanashi2\hw5-git-activity-phase1\homework-5\target\classes;C:\Users\varak\.m2\repository\org\json\json\20240303\json-20240303.jar;C:\Users\varak\.m2\repository\com\squareup\okhttp3\okhttp\4.12.0\okhttp-4.12.0.jar;C:\Users\varak\.m2\repository\com\squareup\okio\okio\3.6.0\okio-3.6.0.jar;C:\Users\varak\.m2\repository\com\squareup\okio\okio-jvm\3.6.0\okio-jvm-3.6.0.jar;C:\Users\varak\.m2\repository\org\jetbrains\kotlin\kotlin-stdlib-common\1.9.10\kotlin-stdlib-common-1.9.10.jar;C:\Users\varak\.m2\repository\org\jetbrains\kotlin\kotlin-stdlib-jdk8\1.8.21\kotlin-stdlib-jdk8-1.8.21.jar;C:\Users\varak\.m2\repository\org\jetbrains\kotlin\kotlin-stdlib\1.8.21\kotlin-stdlib-1.8.21.jar;C:\Users\varak\.m2\repository\org\jetbrains\annotations\13.0\annotations-13.0.jar;C:\Users\varak\.m2\repository\org\jetbrains\kotlin\kotlin-stdlib-jdk7\1.8.21\kotlin-stdlib-jdk7-1.8.21.jar;C:\Users\varak\.m2\repository\junit\junit\4.13.1\junit-4.13.1.jar;C:\Users\varak\.m2\repository\org\hamcrest\hamcrest-core\1.3\hamcrest-core-1.3.jar;"/>
    <property name="java.vm.vendor" value="Oracle Corporation"/>
    <property name="sun.arch.data.model" value="64"/>
    <property name="user.variant" value=""/>
    <property name="java.vendor.url" value="https://java.oracle.com/"/>
    <property name="user.timezone" value="America/Toronto"/>
    <property name="os.name" value="Windows 11"/>
    <property name="java.vm.specification.version" value="24"/>
    <property name="sun.java.launcher" value="SUN_STANDARD"/>
    <property name="user.country" value="US"/>
    <property name="sun.boot.library.path" value="C:\Program Files\Java\jdk-24\bin"/>
    <property name="sun.java.command" value="C:\Users\varak\AppData\Local\Temp\surefire4670191954752873617\surefirebooter-20250711100325884_3.jar C:\Users\varak\AppData\Local\Temp\surefire4670191954752873617 2025-07-11T10-03-25_698-jvmRun1 surefire-20250711100325884_1tmp surefire_0-20250711100325884_2tmp"/>
    <property name="jdk.debug" value="release"/>
    <property name="surefire.test.class.path" value="C:\Users\varak\Documents\Homework\University\Year 1\CSC207\tanashi2\hw5-git-activity-phase1\homework-5\target\test-classes;C:\Users\varak\Documents\Homework\University\Year 1\CSC207\tanashi2\hw5-git-activity-phase1\homework-5\target\classes;C:\Users\varak\.m2\repository\org\json\json\20240303\json-20240303.jar;C:\Users\varak\.m2\repository\com\squareup\okhttp3\okhttp\4.12.0\okhttp-4.12.0.jar;C:\Users\varak\.m2\repository\com\squareup\okio\okio\3.6.0\okio-3.6.0.jar;C:\Users\varak\.m2\repository\com\squareup\okio\okio-jvm\3.6.0\okio-jvm-3.6.0.jar;C:\Users\varak\.m2\repository\org\jetbrains\kotlin\kotlin-stdlib-common\1.9.10\kotlin-stdlib-common-1.9.10.jar;C:\Users\varak\.m2\repository\org\jetbrains\kotlin\kotlin-stdlib-jdk8\1.8.21\kotlin-stdlib-jdk8-1.8.21.jar;C:\Users\varak\.m2\repository\org\jetbrains\kotlin\kotlin-stdlib\1.8.21\kotlin-stdlib-1.8.21.jar;C:\Users\varak\.m2\repository\org\jetbrains\annotations\13.0\annotations-13.0.jar;C:\Users\varak\.m2\repository\org\jetbrains\kotlin\kotlin-stdlib-jdk7\1.8.21\kotlin-stdlib-jdk7-1.8.21.jar;C:\Users\varak\.m2\repository\junit\junit\4.13.1\junit-4.13.1.jar;C:\Users\varak\.m2\repository\org\hamcrest\hamcrest-core\1.3\hamcrest-core-1.3.jar;"/>
    <property name="sun.cpu.endian" value="little"/>
    <property name="user.home" value="C:\Users\varak"/>
    <property name="user.language" value="en"/>
    <property name="java.specification.vendor" value="Oracle Corporation"/>
    <property name="java.version.date" value="2025-04-15"/>
    <property name="java.home" value="C:\Program Files\Java\jdk-24"/>
    <property name="file.separator" value="\"/>
    <property name="basedir" value="C:\Users\varak\Documents\Homework\University\Year 1\CSC207\tanashi2\hw5-git-activity-phase1\homework-5"/>
    <property name="java.vm.compressedOopsMode" value="Zero based"/>
    <property name="line.separator" value="&#10;"/>
    <property name="java.vm.specification.vendor" value="Oracle Corporation"/>
    <property name="java.specification.name" value="Java Platform API Specification"/>
    <property name="surefire.real.class.path" value="C:\Users\varak\AppData\Local\Temp\surefire4670191954752873617\surefirebooter-20250711100325884_3.jar"/>
    <property name="user.script" value=""/>
    <property name="sun.management.compiler" value="HotSpot 64-Bit Tiered Compilers"/>
    <property name="java.runtime.version" value="24.0.1+9-30"/>
    <property name="user.name" value="varak"/>
    <property name="stdout.encoding" value="Cp1252"/>
    <property name="path.separator" value=";"/>
    <property name="os.version" value="10.0"/>
    <property name="java.runtime.name" value="Java(TM) SE Runtime Environment"/>
    <property name="file.encoding" value="UTF-8"/>
    <property name="java.vm.name" value="Java HotSpot(TM) 64-Bit Server VM"/>
    <property name="localRepository" value="C:\Users\varak\.m2\repository"/>
    <property name="java.vendor.url.bug" value="https://bugreport.java.com/bugreport/"/>
    <property name="java.io.tmpdir" value="C:\Users\varak\AppData\Local\Temp\"/>
    <property name="java.version" value="24.0.1"/>
    <property name="user.dir" value="C:\Users\varak\Documents\Homework\University\Year 1\CSC207\tanashi2\hw5-git-activity-phase1\homework-5"/>
    <property name="os.arch" value="amd64"/>
    <property name="java.vm.specification.name" value="Java Virtual Machine Specification"/>
    <property name="sun.os.patch.level" value=""/>
    <property name="native.encoding" value="Cp1252"/>
    <property name="java.library.path" value="C:\Program Files\Java\jdk-24\bin;C:\WINDOWS\Sun\Java\bin;C:\WINDOWS\system32;C:\WINDOWS;C:\ProgramData\anaconda3;C:\ProgramData\anaconda3\Library\mingw-w64\bin;C:\ProgramData\anaconda3\Library\usr\bin;C:\ProgramData\anaconda3\Library\bin;C:\ProgramData\anaconda3\Scripts;C:\ProgramData\anaconda3\bin;C:\ProgramData\anaconda3\condabin;C:\Program Files\Common Files\Oracle\Java\javapath;C:\WINDOWS\system32;C:\WINDOWS;C:\WINDOWS\System32\Wbem;C:\WINDOWS\System32\WindowsPowerShell\v1.0;C:\WINDOWS\System32\OpenSSH;C:\Users\varak\AppData\Local\Programs\Python\Python313;C:\Users\varak\AppData\Local\Programs\Python\Python313\Scripts;C:\Program Files\Git\cmd;C:\Program Files\nodejs;C:\Program Files\Apache\apache-maven-3.9.9\bin;C:\Program Files\GitHub CLI;C:\Users\varak\AppData\Local\Programs\Python\Launcher;C:\Users\varak\AppData\Local\Microsoft\WindowsApps;C:\Users\varak\AppData\Local\Programs\Microsoft VS Code\bin;C:\Users\varak\AppData\Local\GitHubDesktop\bin;C:\Users\varak\AppData\Roaming\npm;C:\Program Files\JetBrains\IntelliJ IDEA 2025.1.1.1\bin;.;c:\Users\varak\AppData\Roaming\Code\User\globalStorage\github.copilot-chat\debugCommand;."/>
    <property name="java.vm.info" value="mixed mode, sharing"/>
    <property name="stderr.encoding" value="Cp1252"/>
    <property name="java.vendor" value="Oracle Corporation"/>
    <property name="java.vm.version" value="24.0.1+9-30"/>
    <property name="sun.io.unicode.encoding" value="UnicodeLittle"/>
    <property name="java.class.version" value="68.0"/>
  </properties>
  <testcase name="failureUserDoesNotExistTest" classname="use_case.login.LoginInteractorTest" time="0.012"/>
  <testcase name="failurePasswordMismatchTest" classname="use_case.login.LoginInteractorTest" time="0.0"/>
  <testcase name="successTest" classname="use_case.login.LoginInteractorTest" time="0.0"/>
  <testcase name="successUserLoggedInTest" classname="use_case.login.LoginInteractorTest" time="0.0"/>
</testsuite>